<?xml version="1.0" encoding="UTF-8"?>
<testsuite name="Search choucar job and verify title" tests="1" skipped="0" failures="1" errors="0" timestamp="2020-11-23T20:07:23" hostname="DESKTOP-8U56VT8" time="23.11">
  <properties/>
  <testcase name="Searching for a term" classname="Search choucar job and verify title" time="23.11">
    <failure message="java.lang.AssertionError" type="java.lang.AssertionError">java.lang.AssertionError
	at org.junit.Assert.fail(Assert.java:86)
	at org.junit.Assert.assertTrue(Assert.java:41)
	at org.junit.Assert.assertTrue(Assert.java:52)
	at starter.matchers.VerifyChoucaTest.Verifytitle(VerifyChoucaTest.java:10)
	at starter.matchers.VerifyPage.verifyTitle(VerifyPage.java:10)
	at starter.matchers.VerifyPage$ByteBuddy$ZMlKuyg7.verifyTitle$accessor$V0wGTUES(Unknown Source)
	at sun.reflect.NativeMethodAccessorImpl.invoke0(Native Method)
	at sun.reflect.NativeMethodAccessorImpl.invoke(NativeMethodAccessorImpl.java:62)
	at sun.reflect.DelegatingMethodAccessorImpl.invoke(DelegatingMethodAccessorImpl.java:43)
	at java.lang.reflect.Method.invoke(Method.java:498)
	at net.thucydides.core.steps.StepInterceptor.invokeMethod(StepInterceptor.java:488)
	at net.thucydides.core.steps.StepInterceptor.executeTestStepMethod(StepInterceptor.java:468)
	at net.thucydides.core.steps.StepInterceptor.runTestStep(StepInterceptor.java:441)
	at net.thucydides.core.steps.StepInterceptor.runOrSkipMethod(StepInterceptor.java:197)
	at net.thucydides.core.steps.StepInterceptor.testStepResult(StepInterceptor.java:184)
	at net.thucydides.core.steps.StepInterceptor.intercept(StepInterceptor.java:77)
	at starter.matchers.VerifyPage$ByteBuddy$ZMlKuyg7.verifyTitle(Unknown Source)
	at starter.stepdefinitions.Gotochoucarjob.user_verify_all_and_title(Gotochoucarjob.java:32)
	at ✽.user verify all and title(file:src/test/resources/features/search/ChoucarTes.feature:6)
</failure>
  </testcase>
  <system-out><![CDATA[Feature: Search choucar job and verify title

  Scenario: Searching for a term   ?[90m# src/test/resources/features/search/ChoucarTes.feature:3?[0m
15:07:23.857 [Test worker] INFO   - 
 _____ _____ ____ _____   ____ _____  _    ____ _____ _____ ____  
|_   _| ____/ ___|_   _| / ___|_   _|/ \  |  _ \_   _| ____|  _ \ 
  | | |  _| \___ \ | |   \___ \ | | / _ \ | |_) || | |  _| | | | |
  | | | |___ ___) || |    ___) || |/ ___ \|  _ < | | | |___| |_| |
  |_| |_____|____/ |_|   |____/ |_/_/   \_\_| \_\|_| |_____|____/ 

Searching for a term(search-choucar-job-and-verify-title;searching-for-a-term)
-------------------------------------------------------------------
15:07:25.465 [Test worker] INFO  n.s.c.w.d.ProvideNewDriver - Instantiating driver
15:07:25.465 [Test worker] INFO  n.s.c.w.d.ProvideNewDriver - Driver capabilities: Capabilities {acceptInsecureCerts: false, browserName: chrome, chrome.switches: --start-maximized;--test-ty..., goog:chromeOptions: {args: [--start-maximized, --test-type, --no-sandbox, --ignore-certificate-errors..., --disable-popup-blocking, --disable-default-apps, --disable-extensions-file-a..., --incognito, --disable-infobars, --disable-gpu], extensions: []}, loggingPrefs: org.openqa.selenium.logging..., platform: ANY, version: }
    ?[32mGiven ?[0m?[32mUser is on  home page?[0m    ?[90m# Gotochoucarjob.user_is_on_home_page()?[0m
    ?[32mWhen ?[0m?[32muser is contacs?[0m           ?[90m# Gotochoucarjob.userIsContacs()?[0m
el titulo es : Servicio al Cliente y Preguntas Frecuentes Banco de Bogotá
    ?[31mThen ?[0m?[31muser verify all and title?[0m ?[90m# Gotochoucarjob.user_verify_all_and_title()?[0m
      ?[31mjava.lang.AssertionError
	at org.junit.Assert.fail(Assert.java:86)
	at org.junit.Assert.assertTrue(Assert.java:41)
	at org.junit.Assert.assertTrue(Assert.java:52)
	at starter.matchers.VerifyChoucaTest.Verifytitle(VerifyChoucaTest.java:10)
	at starter.matchers.VerifyPage.verifyTitle(VerifyPage.java:10)
	at starter.matchers.VerifyPage$ByteBuddy$ZMlKuyg7.verifyTitle$accessor$V0wGTUES(Unknown Source)
	at sun.reflect.NativeMethodAccessorImpl.invoke0(Native Method)
	at sun.reflect.NativeMethodAccessorImpl.invoke(NativeMethodAccessorImpl.java:62)
	at sun.reflect.DelegatingMethodAccessorImpl.invoke(DelegatingMethodAccessorImpl.java:43)
	at java.lang.reflect.Method.invoke(Method.java:498)
	at net.thucydides.core.steps.StepInterceptor.invokeMethod(StepInterceptor.java:488)
	at net.thucydides.core.steps.StepInterceptor.executeTestStepMethod(StepInterceptor.java:468)
	at net.thucydides.core.steps.StepInterceptor.runTestStep(StepInterceptor.java:441)
	at net.thucydides.core.steps.StepInterceptor.runOrSkipMethod(StepInterceptor.java:197)
	at net.thucydides.core.steps.StepInterceptor.testStepResult(StepInterceptor.java:184)
	at net.thucydides.core.steps.StepInterceptor.intercept(StepInterceptor.java:77)
	at starter.matchers.VerifyPage$ByteBuddy$ZMlKuyg7.verifyTitle(Unknown Source)
	at starter.stepdefinitions.Gotochoucarjob.user_verify_all_and_title(Gotochoucarjob.java:32)
	at ?.user verify all and title(file:src/test/resources/features/search/ChoucarTes.feature:6)
?[0m
]]></system-out>
  <system-err><![CDATA[nov 23, 2020 3:07:24 PM org.openqa.selenium.remote.DesiredCapabilities chrome
INFORMACIÓN: Using `new ChromeOptions()` is preferred to `DesiredCapabilities.chrome()`
Starting ChromeDriver 86.0.4240.22 (398b0743353ff36fb1b82468f63a3a93b4e2e89e-refs/branch-heads/4240@{#378}) on port 18338
Only local connections are allowed.
Please see https://chromedriver.chromium.org/security-considerations for suggestions on keeping ChromeDriver safe.
ChromeDriver was started successfully.
[1606162048.604][WARNING]: This version of ChromeDriver has not been tested with Chrome version 87.
nov 23, 2020 3:07:30 PM org.openqa.selenium.remote.ProtocolHandshake createSession
INFORMACIÓN: Detected dialect: W3C
]]></system-err>
</testsuite>
